<?xml version="1.0" encoding="UTF-8"?>
<testng-results ignored="5" total="6" passed="1" failed="0" skipped="0">
  <reporter-output>
  </reporter-output>
  <suite started-at="2022-03-23T21:46:50 IST" name="Suite" finished-at="2022-03-23T21:47:43 IST" duration-ms="53755">
    <groups>
      <group name="regressiontest">
        <method signature="Createproducttest.test()[pri:0, instance:com.crm.vtiger.Createproducttest@6fd83fc1]" name="test" class="com.crm.vtiger.Createproducttest"/>
      </group> <!-- regressiontest -->
    </groups>
    <test started-at="2022-03-23T21:46:50 IST" name="Test" finished-at="2022-03-23T21:47:43 IST" duration-ms="53755">
      <class name="com.crm.vtiger.Createorganizationtest">
        <test-method is-config="true" signature="beforesuite()[pri:0, instance:com.crm.vtiger.Createorganizationtest@2c35e847]" started-at="2022-03-23T21:46:50 IST" name="beforesuite" finished-at="2022-03-23T21:46:50 IST" duration-ms="23" status="PASS">
          <reporter-output>
          </reporter-output>
        </test-method> <!-- beforesuite -->
        <test-method is-config="true" signature="beforetest()[pri:0, instance:com.crm.vtiger.Createorganizationtest@2c35e847]" started-at="2022-03-23T21:46:50 IST" name="beforetest" finished-at="2022-03-23T21:46:50 IST" duration-ms="1" status="PASS">
          <reporter-output>
          </reporter-output>
        </test-method> <!-- beforetest -->
        <test-method is-config="true" signature="aftertest()[pri:0, instance:com.crm.vtiger.Createorganizationtest@2c35e847]" started-at="2022-03-23T21:47:43 IST" name="aftertest" finished-at="2022-03-23T21:47:43 IST" duration-ms="1" status="PASS">
          <reporter-output>
          </reporter-output>
        </test-method> <!-- aftertest -->
        <test-method is-config="true" signature="aftersuite()[pri:0, instance:com.crm.vtiger.Createorganizationtest@2c35e847]" started-at="2022-03-23T21:47:44 IST" name="aftersuite" finished-at="2022-03-23T21:47:44 IST" duration-ms="1" status="PASS">
          <reporter-output>
          </reporter-output>
        </test-method> <!-- aftersuite -->
      </class> <!-- com.crm.vtiger.Createorganizationtest -->
      <class name="com.crm.vtiger.Createproducttest">
        <test-method is-config="true" signature="beforeclass()[pri:0, instance:com.crm.vtiger.Createproducttest@6fd83fc1]" started-at="2022-03-23T21:46:50 IST" name="beforeclass" finished-at="2022-03-23T21:47:05 IST" duration-ms="15250" status="PASS">
          <reporter-output>
          </reporter-output>
        </test-method> <!-- beforeclass -->
        <test-method is-config="true" signature="beforemethod()[pri:0, instance:com.crm.vtiger.Createproducttest@6fd83fc1]" started-at="2022-03-23T21:47:05 IST" name="beforemethod" finished-at="2022-03-23T21:47:14 IST" duration-ms="8637" status="PASS">
          <reporter-output>
          </reporter-output>
        </test-method> <!-- beforemethod -->
        <test-method signature="test()[pri:0, instance:com.crm.vtiger.Createproducttest@6fd83fc1]" started-at="2022-03-23T21:47:14 IST" name="test" finished-at="2022-03-23T21:47:40 IST" duration-ms="26018" status="PASS">
          <reporter-output>
          </reporter-output>
        </test-method> <!-- test -->
        <test-method is-config="true" signature="aftermethod()[pri:0, instance:com.crm.vtiger.Createproducttest@6fd83fc1]" started-at="2022-03-23T21:47:40 IST" name="aftermethod" finished-at="2022-03-23T21:47:42 IST" duration-ms="2632" status="PASS">
          <reporter-output>
          </reporter-output>
        </test-method> <!-- aftermethod -->
        <test-method is-config="true" signature="afterclass()[pri:0, instance:com.crm.vtiger.Createproducttest@6fd83fc1]" started-at="2022-03-23T21:47:42 IST" name="afterclass" finished-at="2022-03-23T21:47:43 IST" duration-ms="1142" status="PASS">
          <reporter-output>
          </reporter-output>
        </test-method> <!-- afterclass -->
      </class> <!-- com.crm.vtiger.Createproducttest -->
    </test> <!-- Test -->
  </suite> <!-- Suite -->
</testng-results>
